{"/var/www/html/assessments/REST API (NestJS, MDB, TS, RMQ)/backend/src/user/controller/user.controller.ts": {"path":"/var/www/html/assessments/REST API (NestJS, MDB, TS, RMQ)/backend/src/user/controller/user.controller.ts","statementMap":{"0":{"start":{"line":1,"column":0},"end":{"line":1,"column":null}},"1":{"start":{"line":10,"column":0},"end":{"line":10,"column":54}},"2":{"start":{"line":11,"column":0},"end":{"line":11,"column":42}},"3":{"start":{"line":15,"column":0},"end":{"line":42,"column":null}},"4":{"start":{"line":16,"column":31},"end":{"line":16,"column":44}},"5":{"start":{"line":21,"column":19},"end":{"line":21,"column":53}},"6":{"start":{"line":22,"column":4},"end":{"line":22,"column":18}},"7":{"start":{"line":28,"column":4},"end":{"line":28,"column":49}},"8":{"start":{"line":34,"column":4},"end":{"line":34,"column":51}},"9":{"start":{"line":40,"column":4},"end":{"line":40,"column":54}},"10":{"start":{"line":20,"column":2},"end":{"line":23,"column":null}},"11":{"start":{"line":27,"column":2},"end":{"line":29,"column":null}},"12":{"start":{"line":33,"column":2},"end":{"line":35,"column":null}},"13":{"start":{"line":39,"column":2},"end":{"line":41,"column":null}},"14":{"start":{"line":15,"column":13},"end":{"line":42,"column":null}},"15":{"start":{"line":15,"column":13},"end":{"line":15,"column":27}}},"fnMap":{"0":{"name":"(anonymous_4)","decl":{"start":{"line":16,"column":2},"end":{"line":16,"column":31}},"loc":{"start":{"line":16,"column":55},"end":{"line":16,"column":60}}},"1":{"name":"(anonymous_5)","decl":{"start":{"line":20,"column":2},"end":{"line":20,"column":8}},"loc":{"start":{"line":20,"column":52},"end":{"line":23,"column":3}}},"2":{"name":"(anonymous_6)","decl":{"start":{"line":27,"column":2},"end":{"line":27,"column":7}},"loc":{"start":{"line":27,"column":69},"end":{"line":29,"column":3}}},"3":{"name":"(anonymous_7)","decl":{"start":{"line":33,"column":2},"end":{"line":33,"column":7}},"loc":{"start":{"line":33,"column":71},"end":{"line":35,"column":3}}},"4":{"name":"(anonymous_8)","decl":{"start":{"line":39,"column":2},"end":{"line":39,"column":7}},"loc":{"start":{"line":39,"column":74},"end":{"line":41,"column":3}}}},"branchMap":{},"s":{"0":1,"1":1,"2":1,"3":1,"4":2,"5":1,"6":1,"7":0,"8":0,"9":0,"10":1,"11":1,"12":1,"13":1,"14":1,"15":1},"f":{"0":2,"1":1,"2":0,"3":0,"4":0},"b":{}}
,"/var/www/html/assessments/REST API (NestJS, MDB, TS, RMQ)/backend/src/user/dto/user.dto.ts": {"path":"/var/www/html/assessments/REST API (NestJS, MDB, TS, RMQ)/backend/src/user/dto/user.dto.ts","statementMap":{"0":{"start":{"line":1,"column":0},"end":{"line":1,"column":64}},"1":{"start":{"line":5,"column":2},"end":{"line":5,"column":null}},"2":{"start":{"line":8,"column":2},"end":{"line":8,"column":null}},"3":{"start":{"line":11,"column":2},"end":{"line":11,"column":null}},"4":{"start":{"line":15,"column":2},"end":{"line":15,"column":null}},"5":{"start":{"line":18,"column":2},"end":{"line":18,"column":null}},"6":{"start":{"line":3,"column":0},"end":{"line":3,"column":13}}},"fnMap":{},"branchMap":{},"s":{"0":1,"1":1,"2":1,"3":1,"4":1,"5":1,"6":1},"f":{},"b":{}}
,"/var/www/html/assessments/REST API (NestJS, MDB, TS, RMQ)/backend/src/user/module/user.module.ts": {"path":"/var/www/html/assessments/REST API (NestJS, MDB, TS, RMQ)/backend/src/user/module/user.module.ts","statementMap":{"0":{"start":{"line":1,"column":0},"end":{"line":1,"column":40}},"1":{"start":{"line":2,"column":0},"end":{"line":2,"column":50}},"2":{"start":{"line":3,"column":0},"end":{"line":3,"column":51}},"3":{"start":{"line":4,"column":0},"end":{"line":4,"column":63}},"4":{"start":{"line":5,"column":0},"end":{"line":5,"column":54}},"5":{"start":{"line":6,"column":0},"end":{"line":6,"column":65}},"6":{"start":{"line":28,"column":0},"end":{"line":28,"column":null}},"7":{"start":{"line":28,"column":13},"end":{"line":28,"column":null}},"8":{"start":{"line":28,"column":13},"end":{"line":28,"column":23}}},"fnMap":{},"branchMap":{},"s":{"0":0,"1":0,"2":0,"3":0,"4":0,"5":0,"6":0,"7":0,"8":0},"f":{},"b":{}}
,"/var/www/html/assessments/REST API (NestJS, MDB, TS, RMQ)/backend/src/user/schema/user.schema.ts": {"path":"/var/www/html/assessments/REST API (NestJS, MDB, TS, RMQ)/backend/src/user/schema/user.schema.ts","statementMap":{"0":{"start":{"line":1,"column":0},"end":{"line":1,"column":63}},"1":{"start":{"line":2,"column":0},"end":{"line":2,"column":36}},"2":{"start":{"line":7,"column":0},"end":{"line":13,"column":null}},"3":{"start":{"line":9,"column":2},"end":{"line":9,"column":null}},"4":{"start":{"line":12,"column":2},"end":{"line":12,"column":null}},"5":{"start":{"line":7,"column":13},"end":{"line":13,"column":null}},"6":{"start":{"line":7,"column":13},"end":{"line":7,"column":17}},"7":{"start":{"line":15,"column":13},"end":{"line":15,"column":61}}},"fnMap":{},"branchMap":{},"s":{"0":2,"1":2,"2":2,"3":2,"4":2,"5":2,"6":2,"7":2},"f":{},"b":{}}
,"/var/www/html/assessments/REST API (NestJS, MDB, TS, RMQ)/backend/src/user/service/user.service.ts": {"path":"/var/www/html/assessments/REST API (NestJS, MDB, TS, RMQ)/backend/src/user/service/user.service.ts","statementMap":{"0":{"start":{"line":1,"column":0},"end":{"line":1,"column":25}},"1":{"start":{"line":2,"column":0},"end":{"line":2,"column":26}},"2":{"start":{"line":3,"column":0},"end":{"line":3,"column":37}},"3":{"start":{"line":4,"column":0},"end":{"line":4,"column":38}},"4":{"start":{"line":5,"column":0},"end":{"line":5,"column":65}},"5":{"start":{"line":6,"column":0},"end":{"line":6,"column":51}},"6":{"start":{"line":7,"column":0},"end":{"line":7,"column":47}},"7":{"start":{"line":8,"column":0},"end":{"line":8,"column":33}},"8":{"start":{"line":9,"column":0},"end":{"line":9,"column":45}},"9":{"start":{"line":11,"column":0},"end":{"line":11,"column":55}},"10":{"start":{"line":12,"column":0},"end":{"line":12,"column":32}},"11":{"start":{"line":13,"column":0},"end":{"line":13,"column":63}},"12":{"start":{"line":14,"column":0},"end":{"line":14,"column":59}},"13":{"start":{"line":15,"column":0},"end":{"line":15,"column":9}},"14":{"start":{"line":17,"column":22},"end":{"line":17,"column":50}},"15":{"start":{"line":18,"column":19},"end":{"line":18,"column":34}},"16":{"start":{"line":21,"column":0},"end":{"line":169,"column":null}},"17":{"start":{"line":24,"column":12},"end":{"line":24,"column":23}},"18":{"start":{"line":25,"column":21},"end":{"line":25,"column":34}},"19":{"start":{"line":26,"column":46},"end":{"line":26,"column":54}},"20":{"start":{"line":30,"column":4},"end":{"line":51,"column":null}},"21":{"start":{"line":32,"column":24},"end":{"line":32,"column":58}},"22":{"start":{"line":34,"column":6},"end":{"line":35,"column":75}},"23":{"start":{"line":35,"column":8},"end":{"line":35,"column":75}},"24":{"start":{"line":38,"column":28},"end":{"line":38,"column":78}},"25":{"start":{"line":41,"column":6},"end":{"line":41,"column":36}},"26":{"start":{"line":43,"column":6},"end":{"line":43,"column":48}},"27":{"start":{"line":45,"column":6},"end":{"line":47,"column":62}},"28":{"start":{"line":49,"column":46},"end":{"line":49,"column":51}},"29":{"start":{"line":50,"column":6},"end":{"line":50,"column":54}},"30":{"start":{"line":55,"column":4},"end":{"line":71,"column":null}},"31":{"start":{"line":56,"column":38},"end":{"line":57,"column":null}},"32":{"start":{"line":59,"column":6},"end":{"line":63,"column":null}},"33":{"start":{"line":60,"column":8},"end":{"line":62,"column":11}},"34":{"start":{"line":64,"column":6},"end":{"line":67,"column":9}},"35":{"start":{"line":69,"column":46},"end":{"line":69,"column":51}},"36":{"start":{"line":70,"column":6},"end":{"line":70,"column":54}},"37":{"start":{"line":75,"column":4},"end":{"line":124,"column":null}},"38":{"start":{"line":76,"column":19},"end":{"line":78,"column":null}},"39":{"start":{"line":80,"column":6},"end":{"line":94,"column":null}},"40":{"start":{"line":81,"column":34},"end":{"line":81,"column":57}},"41":{"start":{"line":84,"column":22},"end":{"line":86,"column":null}},"42":{"start":{"line":88,"column":28},"end":{"line":88,"column":61}},"43":{"start":{"line":90,"column":8},"end":{"line":93,"column":11}},"44":{"start":{"line":96,"column":60},"end":{"line":97,"column":null}},"45":{"start":{"line":101,"column":24},"end":{"line":101,"column":52}},"46":{"start":{"line":102,"column":6},"end":{"line":119,"column":null}},"47":{"start":{"line":104,"column":30},"end":{"line":104,"column":58}},"48":{"start":{"line":107,"column":8},"end":{"line":107,"column":21}},"49":{"start":{"line":108,"column":27},"end":{"line":111,"column":20}},"50":{"start":{"line":114,"column":8},"end":{"line":114,"column":68}},"51":{"start":{"line":115,"column":8},"end":{"line":118,"column":11}},"52":{"start":{"line":121,"column":6},"end":{"line":123,"column":74}},"53":{"start":{"line":128,"column":21},"end":{"line":128,"column":56}},"54":{"start":{"line":129,"column":4},"end":{"line":140,"column":null}},"55":{"start":{"line":130,"column":19},"end":{"line":130,"column":61}},"56":{"start":{"line":131,"column":6},"end":{"line":134,"column":null}},"57":{"start":{"line":132,"column":8},"end":{"line":132,"column":32}},"58":{"start":{"line":133,"column":8},"end":{"line":133,"column":73}},"59":{"start":{"line":135,"column":6},"end":{"line":137,"column":63}},"60":{"start":{"line":139,"column":6},"end":{"line":139,"column":72}},"61":{"start":{"line":144,"column":4},"end":{"line":149,"column":7}},"62":{"start":{"line":153,"column":4},"end":{"line":161,"column":null}},"63":{"start":{"line":155,"column":6},"end":{"line":155,"column":63}},"64":{"start":{"line":155,"column":38},"end":{"line":155,"column":63}},"65":{"start":{"line":157,"column":21},"end":{"line":157,"column":55}},"66":{"start":{"line":158,"column":6},"end":{"line":158,"column":20}},"67":{"start":{"line":160,"column":6},"end":{"line":160,"column":19}},"68":{"start":{"line":165,"column":23},"end":{"line":165,"column":29}},"69":{"start":{"line":166,"column":20},"end":{"line":166,"column":53}},"70":{"start":{"line":167,"column":4},"end":{"line":167,"column":19}},"71":{"start":{"line":21,"column":13},"end":{"line":169,"column":null}},"72":{"start":{"line":21,"column":13},"end":{"line":21,"column":24}}},"fnMap":{"0":{"name":"(anonymous_4)","decl":{"start":{"line":22,"column":2},"end":{"line":22,"column":null}},"loc":{"start":{"line":26,"column":65},"end":{"line":27,"column":6}}},"1":{"name":"(anonymous_5)","decl":{"start":{"line":29,"column":2},"end":{"line":29,"column":7}},"loc":{"start":{"line":29,"column":36},"end":{"line":52,"column":3}}},"2":{"name":"(anonymous_6)","decl":{"start":{"line":54,"column":2},"end":{"line":54,"column":7}},"loc":{"start":{"line":54,"column":35},"end":{"line":72,"column":3}}},"3":{"name":"(anonymous_7)","decl":{"start":{"line":74,"column":2},"end":{"line":74,"column":7}},"loc":{"start":{"line":74,"column":37},"end":{"line":125,"column":3}}},"4":{"name":"(anonymous_8)","decl":{"start":{"line":127,"column":2},"end":{"line":127,"column":7}},"loc":{"start":{"line":127,"column":40},"end":{"line":141,"column":3}}},"5":{"name":"(anonymous_9)","decl":{"start":{"line":143,"column":9},"end":{"line":143,"column":18}},"loc":{"start":{"line":143,"column":32},"end":{"line":150,"column":3}}},"6":{"name":"(anonymous_10)","decl":{"start":{"line":152,"column":10},"end":{"line":152,"column":15}},"loc":{"start":{"line":152,"column":40},"end":{"line":162,"column":3}}},"7":{"name":"(anonymous_11)","decl":{"start":{"line":164,"column":10},"end":{"line":164,"column":25}},"loc":{"start":{"line":164,"column":32},"end":{"line":168,"column":3}}}},"branchMap":{"0":{"loc":{"start":{"line":34,"column":6},"end":{"line":35,"column":75}},"type":"if","locations":[{"start":{"line":34,"column":6},"end":{"line":35,"column":75}}]},"1":{"loc":{"start":{"line":38,"column":14},"end":{"line":38,"column":23}},"type":"default-arg","locations":[{"start":{"line":38,"column":21},"end":{"line":38,"column":23}}]},"2":{"loc":{"start":{"line":56,"column":20},"end":{"line":56,"column":33}},"type":"default-arg","locations":[{"start":{"line":56,"column":31},"end":{"line":56,"column":33}}]},"3":{"loc":{"start":{"line":59,"column":6},"end":{"line":63,"column":null}},"type":"if","locations":[{"start":{"line":59,"column":6},"end":{"line":63,"column":null}}]},"4":{"loc":{"start":{"line":80,"column":6},"end":{"line":94,"column":null}},"type":"if","locations":[{"start":{"line":80,"column":6},"end":{"line":94,"column":null}}]},"5":{"loc":{"start":{"line":96,"column":20},"end":{"line":96,"column":55}},"type":"default-arg","locations":[{"start":{"line":96,"column":53},"end":{"line":96,"column":55}}]},"6":{"loc":{"start":{"line":96,"column":28},"end":{"line":96,"column":48}},"type":"default-arg","locations":[{"start":{"line":96,"column":46},"end":{"line":96,"column":48}}]},"7":{"loc":{"start":{"line":96,"column":30},"end":{"line":96,"column":41}},"type":"default-arg","locations":[{"start":{"line":96,"column":39},"end":{"line":96,"column":41}}]},"8":{"loc":{"start":{"line":102,"column":6},"end":{"line":119,"column":null}},"type":"if","locations":[{"start":{"line":102,"column":6},"end":{"line":119,"column":null}}]},"9":{"loc":{"start":{"line":131,"column":6},"end":{"line":134,"column":null}},"type":"if","locations":[{"start":{"line":131,"column":6},"end":{"line":134,"column":null}}]},"10":{"loc":{"start":{"line":155,"column":6},"end":{"line":155,"column":63}},"type":"if","locations":[{"start":{"line":155,"column":6},"end":{"line":155,"column":63}}]}},"s":{"0":2,"1":2,"2":2,"3":2,"4":2,"5":2,"6":2,"7":2,"8":2,"9":2,"10":2,"11":2,"12":2,"13":2,"14":2,"15":2,"16":2,"17":8,"18":8,"19":8,"20":1,"21":1,"22":1,"23":0,"24":1,"25":1,"26":1,"27":1,"28":0,"29":0,"30":2,"31":2,"32":2,"33":1,"34":1,"35":0,"36":0,"37":3,"38":3,"39":3,"40":1,"41":1,"42":1,"43":1,"44":2,"45":1,"46":1,"47":1,"48":1,"49":1,"50":1,"51":1,"52":1,"53":2,"54":2,"55":2,"56":2,"57":1,"58":1,"59":1,"60":0,"61":1,"62":1,"63":1,"64":1,"65":1,"66":1,"67":0,"68":0,"69":0,"70":0,"71":2,"72":2},"f":{"0":8,"1":1,"2":2,"3":3,"4":2,"5":1,"6":1,"7":0},"b":{"0":[0],"1":[0],"2":[0],"3":[1],"4":[1],"5":[0],"6":[0],"7":[0],"8":[1],"9":[1],"10":[1]}}
,"/var/www/html/assessments/REST API (NestJS, MDB, TS, RMQ)/backend/src/user/validator/user.validator.ts": {"path":"/var/www/html/assessments/REST API (NestJS, MDB, TS, RMQ)/backend/src/user/validator/user.validator.ts","statementMap":{"0":{"start":{"line":1,"column":0},"end":{"line":1,"column":27}},"1":{"start":{"line":3,"column":13},"end":{"line":8,"column":3}}},"fnMap":{},"branchMap":{},"s":{"0":1,"1":1},"f":{},"b":{}}
}
