{"/var/www/html/assessments/REST API (NestJS, MDB, TS, RMQ)/nestjs-rest-app/src/user/user.controller.ts": {"path":"/var/www/html/assessments/REST API (NestJS, MDB, TS, RMQ)/nestjs-rest-app/src/user/user.controller.ts","statementMap":{"0":{"start":{"line":1,"column":0},"end":{"line":1,"column":null}},"1":{"start":{"line":10,"column":0},"end":{"line":10,"column":45}},"2":{"start":{"line":11,"column":0},"end":{"line":11,"column":41}},"3":{"start":{"line":15,"column":7},"end":{"line":42,"column":null}},"4":{"start":{"line":16,"column":31},"end":{"line":16,"column":44}},"5":{"start":{"line":21,"column":19},"end":{"line":21,"column":53}},"6":{"start":{"line":22,"column":4},"end":{"line":22,"column":18}},"7":{"start":{"line":28,"column":4},"end":{"line":28,"column":49}},"8":{"start":{"line":34,"column":4},"end":{"line":34,"column":51}},"9":{"start":{"line":40,"column":4},"end":{"line":40,"column":54}},"10":{"start":{"line":19,"column":2},"end":{"line":23,"column":null}},"11":{"start":{"line":27,"column":8},"end":{"line":29,"column":null}},"12":{"start":{"line":33,"column":8},"end":{"line":35,"column":null}},"13":{"start":{"line":39,"column":8},"end":{"line":41,"column":null}},"14":{"start":{"line":15,"column":13},"end":{"line":42,"column":null}},"15":{"start":{"line":15,"column":13},"end":{"line":15,"column":27}}},"fnMap":{"0":{"name":"(anonymous_4)","decl":{"start":{"line":16,"column":2},"end":{"line":16,"column":31}},"loc":{"start":{"line":16,"column":55},"end":{"line":16,"column":59}}},"1":{"name":"(anonymous_5)","decl":{"start":{"line":20,"column":2},"end":{"line":20,"column":8}},"loc":{"start":{"line":20,"column":52},"end":{"line":23,"column":3}}},"2":{"name":"(anonymous_6)","decl":{"start":{"line":27,"column":2},"end":{"line":27,"column":7}},"loc":{"start":{"line":27,"column":69},"end":{"line":29,"column":3}}},"3":{"name":"(anonymous_7)","decl":{"start":{"line":33,"column":2},"end":{"line":33,"column":7}},"loc":{"start":{"line":33,"column":71},"end":{"line":35,"column":3}}},"4":{"name":"(anonymous_8)","decl":{"start":{"line":39,"column":2},"end":{"line":39,"column":7}},"loc":{"start":{"line":39,"column":74},"end":{"line":41,"column":3}}}},"branchMap":{},"s":{"0":1,"1":1,"2":1,"3":1,"4":2,"5":1,"6":1,"7":0,"8":0,"9":0,"10":1,"11":1,"12":1,"13":1,"14":1,"15":1},"f":{"0":2,"1":1,"2":0,"3":0,"4":0},"b":{}}
,"/var/www/html/assessments/REST API (NestJS, MDB, TS, RMQ)/nestjs-rest-app/src/user/user.module.ts": {"path":"/var/www/html/assessments/REST API (NestJS, MDB, TS, RMQ)/nestjs-rest-app/src/user/user.module.ts","statementMap":{"0":{"start":{"line":1,"column":0},"end":{"line":1,"column":40}},"1":{"start":{"line":2,"column":0},"end":{"line":2,"column":50}},"2":{"start":{"line":3,"column":0},"end":{"line":3,"column":50}},"3":{"start":{"line":4,"column":0},"end":{"line":4,"column":51}},"4":{"start":{"line":5,"column":0},"end":{"line":5,"column":45}},"5":{"start":{"line":6,"column":0},"end":{"line":6,"column":65}},"6":{"start":{"line":28,"column":7},"end":{"line":28,"column":null}},"7":{"start":{"line":28,"column":13},"end":{"line":28,"column":null}},"8":{"start":{"line":28,"column":13},"end":{"line":28,"column":23}}},"fnMap":{},"branchMap":{},"s":{"0":0,"1":0,"2":0,"3":0,"4":0,"5":0,"6":0,"7":0,"8":0},"f":{},"b":{}}
,"/var/www/html/assessments/REST API (NestJS, MDB, TS, RMQ)/nestjs-rest-app/src/user/user.service.ts": {"path":"/var/www/html/assessments/REST API (NestJS, MDB, TS, RMQ)/nestjs-rest-app/src/user/user.service.ts","statementMap":{"0":{"start":{"line":1,"column":0},"end":{"line":1,"column":25}},"1":{"start":{"line":2,"column":0},"end":{"line":2,"column":26}},"2":{"start":{"line":3,"column":0},"end":{"line":3,"column":37}},"3":{"start":{"line":4,"column":0},"end":{"line":4,"column":38}},"4":{"start":{"line":5,"column":0},"end":{"line":5,"column":65}},"5":{"start":{"line":6,"column":0},"end":{"line":6,"column":51}},"6":{"start":{"line":7,"column":0},"end":{"line":7,"column":47}},"7":{"start":{"line":8,"column":0},"end":{"line":8,"column":33}},"8":{"start":{"line":9,"column":0},"end":{"line":9,"column":44}},"9":{"start":{"line":11,"column":0},"end":{"line":11,"column":55}},"10":{"start":{"line":12,"column":0},"end":{"line":12,"column":32}},"11":{"start":{"line":13,"column":0},"end":{"line":13,"column":62}},"12":{"start":{"line":14,"column":0},"end":{"line":14,"column":59}},"13":{"start":{"line":15,"column":0},"end":{"line":15,"column":9}},"14":{"start":{"line":17,"column":22},"end":{"line":17,"column":50}},"15":{"start":{"line":18,"column":19},"end":{"line":18,"column":34}},"16":{"start":{"line":21,"column":7},"end":{"line":170,"column":null}},"17":{"start":{"line":24,"column":12},"end":{"line":24,"column":23}},"18":{"start":{"line":25,"column":21},"end":{"line":25,"column":34}},"19":{"start":{"line":26,"column":46},"end":{"line":26,"column":54}},"20":{"start":{"line":30,"column":4},"end":{"line":52,"column":null}},"21":{"start":{"line":32,"column":24},"end":{"line":32,"column":58}},"22":{"start":{"line":34,"column":6},"end":{"line":35,"column":75}},"23":{"start":{"line":35,"column":8},"end":{"line":35,"column":75}},"24":{"start":{"line":38,"column":28},"end":{"line":38,"column":78}},"25":{"start":{"line":41,"column":6},"end":{"line":41,"column":36}},"26":{"start":{"line":44,"column":6},"end":{"line":44,"column":48}},"27":{"start":{"line":46,"column":6},"end":{"line":48,"column":62}},"28":{"start":{"line":50,"column":46},"end":{"line":50,"column":51}},"29":{"start":{"line":51,"column":6},"end":{"line":51,"column":54}},"30":{"start":{"line":56,"column":4},"end":{"line":72,"column":null}},"31":{"start":{"line":57,"column":38},"end":{"line":58,"column":null}},"32":{"start":{"line":60,"column":6},"end":{"line":64,"column":null}},"33":{"start":{"line":61,"column":8},"end":{"line":63,"column":11}},"34":{"start":{"line":65,"column":6},"end":{"line":68,"column":9}},"35":{"start":{"line":70,"column":46},"end":{"line":70,"column":51}},"36":{"start":{"line":71,"column":6},"end":{"line":71,"column":54}},"37":{"start":{"line":76,"column":4},"end":{"line":125,"column":null}},"38":{"start":{"line":77,"column":19},"end":{"line":79,"column":null}},"39":{"start":{"line":81,"column":6},"end":{"line":95,"column":null}},"40":{"start":{"line":82,"column":34},"end":{"line":82,"column":57}},"41":{"start":{"line":85,"column":22},"end":{"line":87,"column":null}},"42":{"start":{"line":89,"column":28},"end":{"line":89,"column":61}},"43":{"start":{"line":91,"column":8},"end":{"line":94,"column":11}},"44":{"start":{"line":97,"column":60},"end":{"line":98,"column":null}},"45":{"start":{"line":102,"column":24},"end":{"line":102,"column":52}},"46":{"start":{"line":103,"column":6},"end":{"line":120,"column":null}},"47":{"start":{"line":105,"column":30},"end":{"line":105,"column":58}},"48":{"start":{"line":108,"column":8},"end":{"line":108,"column":21}},"49":{"start":{"line":109,"column":27},"end":{"line":112,"column":20}},"50":{"start":{"line":115,"column":8},"end":{"line":115,"column":68}},"51":{"start":{"line":116,"column":8},"end":{"line":119,"column":11}},"52":{"start":{"line":122,"column":6},"end":{"line":124,"column":74}},"53":{"start":{"line":129,"column":21},"end":{"line":129,"column":56}},"54":{"start":{"line":130,"column":4},"end":{"line":141,"column":null}},"55":{"start":{"line":131,"column":19},"end":{"line":131,"column":61}},"56":{"start":{"line":132,"column":6},"end":{"line":135,"column":null}},"57":{"start":{"line":133,"column":8},"end":{"line":133,"column":32}},"58":{"start":{"line":134,"column":8},"end":{"line":134,"column":73}},"59":{"start":{"line":136,"column":6},"end":{"line":138,"column":63}},"60":{"start":{"line":140,"column":6},"end":{"line":140,"column":72}},"61":{"start":{"line":145,"column":4},"end":{"line":150,"column":7}},"62":{"start":{"line":154,"column":4},"end":{"line":162,"column":null}},"63":{"start":{"line":156,"column":6},"end":{"line":156,"column":63}},"64":{"start":{"line":156,"column":38},"end":{"line":156,"column":63}},"65":{"start":{"line":158,"column":21},"end":{"line":158,"column":55}},"66":{"start":{"line":159,"column":6},"end":{"line":159,"column":20}},"67":{"start":{"line":161,"column":6},"end":{"line":161,"column":19}},"68":{"start":{"line":166,"column":23},"end":{"line":166,"column":29}},"69":{"start":{"line":167,"column":20},"end":{"line":167,"column":53}},"70":{"start":{"line":168,"column":4},"end":{"line":168,"column":19}},"71":{"start":{"line":21,"column":13},"end":{"line":170,"column":null}},"72":{"start":{"line":21,"column":13},"end":{"line":21,"column":24}}},"fnMap":{"0":{"name":"(anonymous_4)","decl":{"start":{"line":22,"column":2},"end":{"line":22,"column":null}},"loc":{"start":{"line":26,"column":65},"end":{"line":27,"column":7}}},"1":{"name":"(anonymous_5)","decl":{"start":{"line":29,"column":2},"end":{"line":29,"column":7}},"loc":{"start":{"line":29,"column":36},"end":{"line":53,"column":3}}},"2":{"name":"(anonymous_6)","decl":{"start":{"line":55,"column":2},"end":{"line":55,"column":7}},"loc":{"start":{"line":55,"column":35},"end":{"line":73,"column":3}}},"3":{"name":"(anonymous_7)","decl":{"start":{"line":75,"column":2},"end":{"line":75,"column":7}},"loc":{"start":{"line":75,"column":37},"end":{"line":126,"column":3}}},"4":{"name":"(anonymous_8)","decl":{"start":{"line":128,"column":2},"end":{"line":128,"column":7}},"loc":{"start":{"line":128,"column":40},"end":{"line":142,"column":3}}},"5":{"name":"(anonymous_9)","decl":{"start":{"line":144,"column":9},"end":{"line":144,"column":18}},"loc":{"start":{"line":144,"column":32},"end":{"line":151,"column":3}}},"6":{"name":"(anonymous_10)","decl":{"start":{"line":153,"column":10},"end":{"line":153,"column":15}},"loc":{"start":{"line":153,"column":40},"end":{"line":163,"column":3}}},"7":{"name":"(anonymous_11)","decl":{"start":{"line":165,"column":10},"end":{"line":165,"column":25}},"loc":{"start":{"line":165,"column":32},"end":{"line":169,"column":3}}}},"branchMap":{"0":{"loc":{"start":{"line":34,"column":6},"end":{"line":35,"column":75}},"type":"if","locations":[{"start":{"line":34,"column":6},"end":{"line":35,"column":75}}]},"1":{"loc":{"start":{"line":38,"column":14},"end":{"line":38,"column":23}},"type":"default-arg","locations":[{"start":{"line":38,"column":21},"end":{"line":38,"column":23}}]},"2":{"loc":{"start":{"line":57,"column":20},"end":{"line":57,"column":33}},"type":"default-arg","locations":[{"start":{"line":57,"column":31},"end":{"line":57,"column":33}}]},"3":{"loc":{"start":{"line":60,"column":6},"end":{"line":64,"column":null}},"type":"if","locations":[{"start":{"line":60,"column":6},"end":{"line":64,"column":null}}]},"4":{"loc":{"start":{"line":81,"column":6},"end":{"line":95,"column":null}},"type":"if","locations":[{"start":{"line":81,"column":6},"end":{"line":95,"column":null}}]},"5":{"loc":{"start":{"line":97,"column":20},"end":{"line":97,"column":55}},"type":"default-arg","locations":[{"start":{"line":97,"column":53},"end":{"line":97,"column":55}}]},"6":{"loc":{"start":{"line":97,"column":28},"end":{"line":97,"column":48}},"type":"default-arg","locations":[{"start":{"line":97,"column":46},"end":{"line":97,"column":48}}]},"7":{"loc":{"start":{"line":97,"column":30},"end":{"line":97,"column":41}},"type":"default-arg","locations":[{"start":{"line":97,"column":39},"end":{"line":97,"column":41}}]},"8":{"loc":{"start":{"line":103,"column":6},"end":{"line":120,"column":null}},"type":"if","locations":[{"start":{"line":103,"column":6},"end":{"line":120,"column":null}}]},"9":{"loc":{"start":{"line":132,"column":6},"end":{"line":135,"column":null}},"type":"if","locations":[{"start":{"line":132,"column":6},"end":{"line":135,"column":null}}]},"10":{"loc":{"start":{"line":156,"column":6},"end":{"line":156,"column":63}},"type":"if","locations":[{"start":{"line":156,"column":6},"end":{"line":156,"column":63}}]}},"s":{"0":2,"1":2,"2":2,"3":2,"4":2,"5":2,"6":2,"7":2,"8":2,"9":2,"10":2,"11":2,"12":2,"13":2,"14":2,"15":2,"16":2,"17":10,"18":10,"19":10,"20":2,"21":2,"22":2,"23":1,"24":1,"25":1,"26":1,"27":1,"28":1,"29":1,"30":2,"31":2,"32":2,"33":1,"34":1,"35":0,"36":0,"37":4,"38":4,"39":4,"40":1,"41":1,"42":1,"43":1,"44":3,"45":1,"46":1,"47":1,"48":1,"49":1,"50":1,"51":1,"52":2,"53":2,"54":2,"55":2,"56":2,"57":1,"58":1,"59":1,"60":0,"61":1,"62":1,"63":1,"64":1,"65":1,"66":1,"67":0,"68":1,"69":1,"70":1,"71":2,"72":2},"f":{"0":10,"1":2,"2":2,"3":4,"4":2,"5":1,"6":1,"7":1},"b":{"0":[1],"1":[0],"2":[0],"3":[1],"4":[1],"5":[0],"6":[0],"7":[0],"8":[1],"9":[1],"10":[1]}}
,"/var/www/html/assessments/REST API (NestJS, MDB, TS, RMQ)/nestjs-rest-app/src/user/dto/user.dto.ts": {"path":"/var/www/html/assessments/REST API (NestJS, MDB, TS, RMQ)/nestjs-rest-app/src/user/dto/user.dto.ts","statementMap":{"0":{"start":{"line":1,"column":0},"end":{"line":1,"column":64}},"1":{"start":{"line":4,"column":2},"end":{"line":5,"column":null}},"2":{"start":{"line":7,"column":2},"end":{"line":8,"column":null}},"3":{"start":{"line":10,"column":2},"end":{"line":11,"column":null}},"4":{"start":{"line":13,"column":2},"end":{"line":15,"column":null}},"5":{"start":{"line":17,"column":2},"end":{"line":18,"column":null}},"6":{"start":{"line":3,"column":0},"end":{"line":3,"column":13}}},"fnMap":{},"branchMap":{},"s":{"0":1,"1":1,"2":1,"3":1,"4":1,"5":1,"6":1},"f":{},"b":{}}
,"/var/www/html/assessments/REST API (NestJS, MDB, TS, RMQ)/nestjs-rest-app/src/user/schema/user.schema.ts": {"path":"/var/www/html/assessments/REST API (NestJS, MDB, TS, RMQ)/nestjs-rest-app/src/user/schema/user.schema.ts","statementMap":{"0":{"start":{"line":1,"column":0},"end":{"line":1,"column":63}},"1":{"start":{"line":2,"column":0},"end":{"line":2,"column":36}},"2":{"start":{"line":7,"column":7},"end":{"line":13,"column":null}},"3":{"start":{"line":8,"column":2},"end":{"line":9,"column":null}},"4":{"start":{"line":11,"column":2},"end":{"line":12,"column":null}},"5":{"start":{"line":7,"column":13},"end":{"line":13,"column":null}},"6":{"start":{"line":7,"column":13},"end":{"line":7,"column":17}},"7":{"start":{"line":15,"column":13},"end":{"line":15,"column":61}}},"fnMap":{},"branchMap":{},"s":{"0":2,"1":2,"2":2,"3":2,"4":2,"5":2,"6":2,"7":2},"f":{},"b":{}}
,"/var/www/html/assessments/REST API (NestJS, MDB, TS, RMQ)/nestjs-rest-app/src/user/validator/user.validator.ts": {"path":"/var/www/html/assessments/REST API (NestJS, MDB, TS, RMQ)/nestjs-rest-app/src/user/validator/user.validator.ts","statementMap":{"0":{"start":{"line":1,"column":0},"end":{"line":1,"column":27}},"1":{"start":{"line":3,"column":13},"end":{"line":8,"column":3}}},"fnMap":{},"branchMap":{},"s":{"0":1,"1":1},"f":{},"b":{}}
}
