TN:
SF:src/user/user.controller.ts
FN:16,(anonymous_4)
FN:20,(anonymous_5)
FN:27,(anonymous_6)
FN:33,(anonymous_7)
FN:39,(anonymous_8)
FNF:5
FNH:2
FNDA:2,(anonymous_4)
FNDA:1,(anonymous_5)
FNDA:0,(anonymous_6)
FNDA:0,(anonymous_7)
FNDA:0,(anonymous_8)
DA:1,1
DA:10,1
DA:11,1
DA:15,1
DA:16,2
DA:19,1
DA:21,1
DA:22,1
DA:27,1
DA:28,0
DA:33,1
DA:34,0
DA:39,1
DA:40,0
LF:14
LH:11
BRF:0
BRH:0
end_of_record
TN:
SF:src/user/user.module.ts
FNF:0
FNH:0
DA:1,0
DA:2,0
DA:3,0
DA:4,0
DA:5,0
DA:6,0
DA:28,0
LF:7
LH:0
BRF:0
BRH:0
end_of_record
TN:
SF:src/user/user.service.ts
FN:22,(anonymous_4)
FN:29,(anonymous_5)
FN:55,(anonymous_6)
FN:75,(anonymous_7)
FN:128,(anonymous_8)
FN:144,(anonymous_9)
FN:153,(anonymous_10)
FN:165,(anonymous_11)
FNF:8
FNH:8
FNDA:10,(anonymous_4)
FNDA:2,(anonymous_5)
FNDA:2,(anonymous_6)
FNDA:4,(anonymous_7)
FNDA:2,(anonymous_8)
FNDA:1,(anonymous_9)
FNDA:1,(anonymous_10)
FNDA:1,(anonymous_11)
DA:1,2
DA:2,2
DA:3,2
DA:4,2
DA:5,2
DA:6,2
DA:7,2
DA:8,2
DA:9,2
DA:11,2
DA:12,2
DA:13,2
DA:14,2
DA:15,2
DA:17,2
DA:18,2
DA:21,2
DA:24,10
DA:25,10
DA:26,10
DA:30,2
DA:32,2
DA:34,2
DA:35,1
DA:38,1
DA:41,1
DA:44,1
DA:46,1
DA:50,1
DA:51,1
DA:56,2
DA:57,2
DA:60,2
DA:61,1
DA:65,1
DA:70,0
DA:71,0
DA:76,4
DA:77,4
DA:81,4
DA:82,1
DA:85,1
DA:89,1
DA:91,1
DA:97,3
DA:102,1
DA:103,1
DA:105,1
DA:108,1
DA:109,1
DA:115,1
DA:116,1
DA:122,2
DA:129,2
DA:130,2
DA:131,2
DA:132,2
DA:133,1
DA:134,1
DA:136,1
DA:140,0
DA:145,1
DA:154,1
DA:156,1
DA:158,1
DA:159,1
DA:161,0
DA:166,1
DA:167,1
DA:168,1
LF:70
LH:66
BRDA:34,0,0,1
BRDA:38,1,0,0
BRDA:57,2,0,0
BRDA:60,3,0,1
BRDA:81,4,0,1
BRDA:97,5,0,0
BRDA:97,6,0,0
BRDA:97,7,0,0
BRDA:103,8,0,1
BRDA:132,9,0,1
BRDA:156,10,0,1
BRF:11
BRH:6
end_of_record
TN:
SF:src/user/dto/user.dto.ts
FNF:0
FNH:0
DA:1,1
DA:3,1
DA:4,1
DA:7,1
DA:10,1
DA:13,1
DA:17,1
LF:7
LH:7
BRF:0
BRH:0
end_of_record
TN:
SF:src/user/schema/user.schema.ts
FNF:0
FNH:0
DA:1,2
DA:2,2
DA:7,2
DA:8,2
DA:11,2
DA:15,2
LF:6
LH:6
BRF:0
BRH:0
end_of_record
TN:
SF:src/user/validator/user.validator.ts
FNF:0
FNH:0
DA:1,1
DA:3,1
LF:2
LH:2
BRF:0
BRH:0
end_of_record
