TN:
SF:src/user/user.controller.ts
FN:16,(anonymous_4)
FN:20,(anonymous_5)
FN:27,(anonymous_6)
FN:33,(anonymous_7)
FN:39,(anonymous_8)
FNF:5
FNH:2
FNDA:2,(anonymous_4)
FNDA:1,(anonymous_5)
FNDA:0,(anonymous_6)
FNDA:0,(anonymous_7)
FNDA:0,(anonymous_8)
DA:1,1
DA:10,1
DA:11,1
DA:15,1
DA:16,2
DA:19,1
DA:21,1
DA:22,1
DA:27,1
DA:28,0
DA:33,1
DA:34,0
DA:39,1
DA:40,0
LF:14
LH:11
BRF:0
BRH:0
end_of_record
TN:
SF:src/user/user.module.ts
FNF:0
FNH:0
DA:1,0
DA:2,0
DA:3,0
DA:4,0
DA:5,0
DA:6,0
DA:28,0
LF:7
LH:0
BRF:0
BRH:0
end_of_record
TN:
SF:src/user/user.service.ts
FN:22,(anonymous_4)
FN:29,(anonymous_5)
FN:54,(anonymous_6)
FN:74,(anonymous_7)
FN:127,(anonymous_8)
FN:143,(anonymous_9)
FN:152,(anonymous_10)
FN:164,(anonymous_11)
FNF:8
FNH:8
FNDA:9,(anonymous_4)
FNDA:2,(anonymous_5)
FNDA:2,(anonymous_6)
FNDA:3,(anonymous_7)
FNDA:2,(anonymous_8)
FNDA:1,(anonymous_9)
FNDA:1,(anonymous_10)
FNDA:1,(anonymous_11)
DA:1,2
DA:2,2
DA:3,2
DA:4,2
DA:5,2
DA:6,2
DA:7,2
DA:8,2
DA:9,2
DA:11,2
DA:12,2
DA:13,2
DA:14,2
DA:15,2
DA:17,2
DA:18,2
DA:21,2
DA:24,9
DA:25,9
DA:26,9
DA:30,2
DA:32,2
DA:34,2
DA:35,1
DA:38,1
DA:41,1
DA:43,1
DA:45,1
DA:49,1
DA:50,1
DA:55,2
DA:56,2
DA:59,2
DA:60,1
DA:64,1
DA:69,0
DA:70,0
DA:75,3
DA:76,3
DA:80,3
DA:81,1
DA:84,1
DA:88,1
DA:90,1
DA:96,2
DA:101,1
DA:102,1
DA:104,1
DA:107,1
DA:108,1
DA:114,1
DA:115,1
DA:121,1
DA:128,2
DA:129,2
DA:130,2
DA:131,2
DA:132,1
DA:133,1
DA:135,1
DA:139,0
DA:144,1
DA:153,1
DA:155,1
DA:157,1
DA:158,1
DA:160,0
DA:165,1
DA:166,1
DA:167,1
LF:70
LH:66
BRDA:34,0,0,1
BRDA:38,1,0,0
BRDA:56,2,0,0
BRDA:59,3,0,1
BRDA:80,4,0,1
BRDA:96,5,0,0
BRDA:96,6,0,0
BRDA:96,7,0,0
BRDA:102,8,0,1
BRDA:131,9,0,1
BRDA:155,10,0,1
BRF:11
BRH:6
end_of_record
TN:
SF:src/user/dto/user.dto.ts
FNF:0
FNH:0
DA:1,1
DA:3,1
DA:4,1
DA:7,1
DA:10,1
DA:13,1
DA:17,1
LF:7
LH:7
BRF:0
BRH:0
end_of_record
TN:
SF:src/user/schema/user.schema.ts
FNF:0
FNH:0
DA:1,2
DA:2,2
DA:7,2
DA:8,2
DA:11,2
DA:15,2
LF:6
LH:6
BRF:0
BRH:0
end_of_record
TN:
SF:src/user/validator/user.validator.ts
FNF:0
FNH:0
DA:1,1
DA:3,1
LF:2
LH:2
BRF:0
BRH:0
end_of_record
